#
# A fatal error has been detected by the Java Runtime Environment:
#
#  Internal Error (classFileParser.cpp:3494), pid=29635, tid=3061418864
#  Error: ShouldNotReachHere()
#
# JRE version: 6.0_23-b23
# Java VM: OpenJDK Server VM (20.0-b11 mixed mode linux-x86 )
# Derivative: IcedTea6 1.11pre
# Distribution: Ubuntu 11.10, package 6b23~pre11-0ubuntu1.11.10.2
# If you would like to submit a bug report, please include
# instructions how to reproduce the bug and visit:
#   https://bugs.launchpad.net/ubuntu/+source/openjdk-6/
#

---------------  T H R E A D  ---------------

Current thread (0x09caa000):  JavaThread "Unknown thread" [_thread_in_vm, id=29638, stack(0xb6748000,0xb6799000)]

Stack: [0xb6748000,0xb6799000]
[error occurred during error reporting (printing stack bounds), id 0xb]


[error occurred during error reporting (printing native stack), id 0xb]


---------------  P R O C E S S  ---------------

Java Threads: ( => current thread )

Other Threads:

=>0x09caa000 (exited) JavaThread "Unknown thread" [_thread_in_vm, id=29638, stack(0xb6748000,0xb6799000)]

VM state:not at safepoint (not fully initialized)

VM Mutex/Monitor currently owned by a thread: None

Dynamic libraries:
08048000-08051000 r-xp 00000000 08:03 1311511    /usr/lib/jvm/java-6-openjdk/jre/bin/java
08051000-08052000 r--p 00008000 08:03 1311511    /usr/lib/jvm/java-6-openjdk/jre/bin/java
08052000-08053000 rw-p 00009000 08:03 1311511    /usr/lib/jvm/java-6-openjdk/jre/bin/java
09ca3000-09d0a000 rw-p 00000000 00:00 0          [heap]
6cac7000-6cb3d000 r--s 00902000 08:03 299837     /home/ganesh/Documents/android-sdk-linux/platforms/android-10/android.jar
6cb3d000-6cb3e000 ---p 00000000 00:00 0 
6cb3e000-6cbbe000 rw-p 00000000 00:00 0 
6cbbe000-6cbbf000 ---p 00000000 00:00 0 
6cbbf000-6cc47000 rw-p 00000000 00:00 0 
6cc47000-6cc7f000 rw-p 00000000 00:00 0 
6cc7f000-6cc94000 rw-p 00000000 00:00 0 
6cc94000-6cdcc000 rw-p 00000000 00:00 0 
6cdcc000-6cdd4000 rw-p 00000000 00:00 0 
6cdd4000-6ce0c000 rw-p 00000000 00:00 0 
6ce0c000-6ce21000 rw-p 00000000 00:00 0 
6ce21000-6cf58000 rw-p 00000000 00:00 0 
6cf58000-6cf64000 rw-p 00000000 00:00 0 
6cf64000-6cfff000 rw-p 00000000 00:00 0 
6cfff000-6e000000 rw-p 00000000 00:00 0 
6e000000-75000000 rw-p 00000000 00:00 0 
75000000-779a0000 rw-p 00000000 00:00 0 
779a0000-9e960000 rw-p 00000000 00:00 0 
9e960000-9fe20000 rw-p 00000000 00:00 0 
9fe20000-b3600000 rw-p 00000000 00:00 0 
b3602000-b360b000 rw-p 00000000 00:00 0 
b360b000-b36c2000 rw-p 00000000 00:00 0 
b36c2000-b3902000 rwxp 00000000 00:00 0 
b3902000-b66c2000 rw-p 00000000 00:00 0 
b66c2000-b66cd000 r-xp 00000000 08:03 971471     /lib/i386-linux-gnu/libnss_files-2.13.so
b66cd000-b66ce000 r--p 0000a000 08:03 971471     /lib/i386-linux-gnu/libnss_files-2.13.so
b66ce000-b66cf000 rw-p 0000b000 08:03 971471     /lib/i386-linux-gnu/libnss_files-2.13.so
b66cf000-b66e4000 r-xp 00000000 08:03 935161     /lib/i386-linux-gnu/libnsl-2.13.so
b66e4000-b66e5000 r--p 00015000 08:03 935161     /lib/i386-linux-gnu/libnsl-2.13.so
b66e5000-b66e6000 rw-p 00016000 08:03 935161     /lib/i386-linux-gnu/libnsl-2.13.so
b66e6000-b66e8000 rw-p 00000000 00:00 0 
b66e8000-b66f0000 r-xp 00000000 08:03 935162     /lib/i386-linux-gnu/libnss_compat-2.13.so
b66f0000-b66f1000 r--p 00007000 08:03 935162     /lib/i386-linux-gnu/libnss_compat-2.13.so
b66f1000-b66f2000 rw-p 00008000 08:03 935162     /lib/i386-linux-gnu/libnss_compat-2.13.so
b670d000-b6714000 r-xp 00000000 08:03 1311487    /usr/lib/jvm/java-6-openjdk/jre/lib/i386/libzip.so
b6714000-b6715000 r--p 00006000 08:03 1311487    /usr/lib/jvm/java-6-openjdk/jre/lib/i386/libzip.so
b6715000-b6716000 rw-p 00007000 08:03 1311487    /usr/lib/jvm/java-6-openjdk/jre/lib/i386/libzip.so
b6716000-b673c000 r-xp 00000000 08:03 1311302    /usr/lib/jvm/java-6-openjdk/jre/lib/i386/libjava.so
b673c000-b673d000 r--p 00025000 08:03 1311302    /usr/lib/jvm/java-6-openjdk/jre/lib/i386/libjava.so
b673d000-b673f000 rw-p 00026000 08:03 1311302    /usr/lib/jvm/java-6-openjdk/jre/lib/i386/libjava.so
b673f000-b6746000 r-xp 00000000 08:03 971478     /lib/i386-linux-gnu/librt-2.13.so
b6746000-b6747000 r--p 00006000 08:03 971478     /lib/i386-linux-gnu/librt-2.13.so
b6747000-b6748000 rw-p 00007000 08:03 971478     /lib/i386-linux-gnu/librt-2.13.so
b6748000-b674b000 ---p 00000000 00:00 0 
b674b000-b6799000 rw-p 00000000 00:00 0 
b6799000-b67b5000 r-xp 00000000 08:03 932163     /lib/i386-linux-gnu/libgcc_s.so.1
b67b5000-b67b6000 r--p 0001b000 08:03 932163     /lib/i386-linux-gnu/libgcc_s.so.1
b67b6000-b67b7000 rw-p 0001c000 08:03 932163     /lib/i386-linux-gnu/libgcc_s.so.1
b67b7000-b67df000 r-xp 00000000 08:03 935159     /lib/i386-linux-gnu/libm-2.13.so
b67df000-b67e0000 r--p 00028000 08:03 935159     /lib/i386-linux-gnu/libm-2.13.so
b67e0000-b67e1000 rw-p 00029000 08:03 935159     /lib/i386-linux-gnu/libm-2.13.so
b67e1000-b68bf000 r-xp 00000000 08:03 1832670    /usr/lib/i386-linux-gnu/libstdc++.so.6.0.16
b68bf000-b68c0000 ---p 000de000 08:03 1832670    /usr/lib/i386-linux-gnu/libstdc++.so.6.0.16
b68c0000-b68c4000 r--p 000de000 08:03 1832670    /usr/lib/i386-linux-gnu/libstdc++.so.6.0.16
b68c4000-b68c5000 rw-p 000e2000 08:03 1832670    /usr/lib/i386-linux-gnu/libstdc++.so.6.0.16
b68c5000-b68cc000 rw-p 00000000 00:00 0 
b68cc000-b70ea000 r-xp 00000000 08:03 1311489    /usr/lib/jvm/java-6-openjdk/jre/lib/i386/server/libjvm.so
b70ea000-b712f000 r--p 0081e000 08:03 1311489    /usr/lib/jvm/java-6-openjdk/jre/lib/i386/server/libjvm.so
b712f000-b713e000 rw-p 00863000 08:03 1311489    /usr/lib/jvm/java-6-openjdk/jre/lib/i386/server/libjvm.so
b713e000-b755a000 rw-p 00000000 00:00 0 
b755a000-b756d000 r-xp 00000000 08:03 916628     /lib/i386-linux-gnu/libz.so.1.2.3.4
b756d000-b756e000 r--p 00012000 08:03 916628     /lib/i386-linux-gnu/libz.so.1.2.3.4
b756e000-b756f000 rw-p 00013000 08:03 916628     /lib/i386-linux-gnu/libz.so.1.2.3.4
b756f000-b76e7000 r-xp 00000000 08:03 935155     /lib/i386-linux-gnu/libc-2.13.so
b76e7000-b76e9000 r--p 00178000 08:03 935155     /lib/i386-linux-gnu/libc-2.13.so
b76e9000-b76ea000 rw-p 0017a000 08:03 935155     /lib/i386-linux-gnu/libc-2.13.so
b76ea000-b76ed000 rw-p 00000000 00:00 0 
b76ed000-b76f0000 r-xp 00000000 08:03 935158     /lib/i386-linux-gnu/libdl-2.13.so
b76f0000-b76f1000 r--p 00002000 08:03 935158     /lib/i386-linux-gnu/libdl-2.13.so
b76f1000-b76f2000 rw-p 00003000 08:03 935158     /lib/i386-linux-gnu/libdl-2.13.so
b76f2000-b76f6000 r-xp 00000000 08:03 1311290    /usr/lib/jvm/java-6-openjdk/jre/lib/i386/jli/libjli.so
b76f6000-b76f7000 r--p 00003000 08:03 1311290    /usr/lib/jvm/java-6-openjdk/jre/lib/i386/jli/libjli.so
b76f7000-b76f8000 rw-p 00004000 08:03 1311290    /usr/lib/jvm/java-6-openjdk/jre/lib/i386/jli/libjli.so
b76f8000-b76f9000 rw-p 00000000 00:00 0 
b76f9000-b7710000 r-xp 00000000 08:03 971476     /lib/i386-linux-gnu/libpthread-2.13.so
b7710000-b7711000 r--p 00016000 08:03 971476     /lib/i386-linux-gnu/libpthread-2.13.so
b7711000-b7712000 rw-p 00017000 08:03 971476     /lib/i386-linux-gnu/libpthread-2.13.so
b7712000-b7714000 rw-p 00000000 00:00 0 
b7714000-b771c000 rw-s 00000000 08:03 1573883    /tmp/hsperfdata_ganesh/29635
b771c000-b7726000 r-xp 00000000 08:03 971473     /lib/i386-linux-gnu/libnss_nis-2.13.so
b7726000-b7727000 r--p 00009000 08:03 971473     /lib/i386-linux-gnu/libnss_nis-2.13.so
b7727000-b7728000 rw-p 0000a000 08:03 971473     /lib/i386-linux-gnu/libnss_nis-2.13.so
b7728000-b7729000 rw-p 00000000 00:00 0 
b7729000-b772a000 r--p 00000000 00:00 0 
b772a000-b7735000 r-xp 00000000 08:03 1311486    /usr/lib/jvm/java-6-openjdk/jre/lib/i386/libverify.so
b7735000-b7736000 ---p 0000b000 08:03 1311486    /usr/lib/jvm/java-6-openjdk/jre/lib/i386/libverify.so
b7736000-b7737000 r--p 0000b000 08:03 1311486    /usr/lib/jvm/java-6-openjdk/jre/lib/i386/libverify.so
b7737000-b7738000 rw-p 0000c000 08:03 1311486    /usr/lib/jvm/java-6-openjdk/jre/lib/i386/libverify.so
b7738000-b773a000 rw-p 00000000 00:00 0 
b773a000-b773b000 r-xp 00000000 00:00 0          [vdso]
b773b000-b7759000 r-xp 00000000 08:03 935152     /lib/i386-linux-gnu/ld-2.13.so
b7759000-b775a000 r--p 0001d000 08:03 935152     /lib/i386-linux-gnu/ld-2.13.so
b775a000-b775b000 rw-p 0001e000 08:03 935152     /lib/i386-linux-gnu/ld-2.13.so
bfb67000-bfb89000 rw-p 00000000 00:00 0          [stack]

VM Arguments:
jvm_args: -Dfile.encoding=UTF-8 -Xbootclasspath:/home/ganesh/Documents/android-sdk-linux/platforms/android-10/android.jar 
java_command: com.nesh.apps.RSSReader
Launcher Type: SUN_STANDARD

Environment Variables:
JAVA_HOME=/usr/lib/jvm/java-6-sun
PATH=/home/ganesh/.rvm/gems/ruby-1.9.3-p125/bin:/home/ganesh/.rvm/gems/ruby-1.9.3-p125@global/bin:/home/ganesh/.rvm/rubies/ruby-1.9.3-p125/bin:/home/ganesh/.rvm/bin:/usr/lib/lightdm/lightdm:/usr/local/sbin:/usr/local/bin:/usr/sbin:/usr/bin:/sbin:/bin:/usr/games
USERNAME=ganesh
LD_LIBRARY_PATH=/usr/lib/jvm/java-6-openjdk/jre/lib/i386/server:/usr/lib/jvm/java-6-openjdk/jre/lib/i386:/usr/lib/jvm/java-6-openjdk/jre/../lib/i386:/usr/lib/jvm/java-6-openjdk/jre/lib/i386/client:/usr/lib/jvm/java-6-openjdk/jre/lib/i386:
SHELL=/bin/bash
DISPLAY=:0

Signal Handlers:
SIGSEGV: [libjvm.so+0x66a530], sa_mask[0]=0x7ffbfeff, sa_flags=0x10000004
SIGBUS: [libjvm.so+0x66a530], sa_mask[0]=0x7ffbfeff, sa_flags=0x10000004
SIGFPE: [libjvm.so+0x52e2c0], sa_mask[0]=0x7ffbfeff, sa_flags=0x10000004
SIGPIPE: [libjvm.so+0x52e2c0], sa_mask[0]=0x7ffbfeff, sa_flags=0x10000004
SIGXFSZ: [libjvm.so+0x52e2c0], sa_mask[0]=0x7ffbfeff, sa_flags=0x10000004
SIGILL: [libjvm.so+0x52e2c0], sa_mask[0]=0x7ffbfeff, sa_flags=0x10000004
SIGUSR1: SIG_DFL, sa_mask[0]=0x00000000, sa_flags=0x00000000
SIGUSR2: [libjvm.so+0x52e150], sa_mask[0]=0x00000004, sa_flags=0x10000004
SIGHUP: SIG_DFL, sa_mask[0]=0x00000000, sa_flags=0x00000000
SIGINT: SIG_DFL, sa_mask[0]=0x00000000, sa_flags=0x00000000
SIGTERM: SIG_DFL, sa_mask[0]=0x00000000, sa_flags=0x00000000
SIGQUIT: SIG_DFL, sa_mask[0]=0x00000000, sa_flags=0x00000000


---------------  S Y S T E M  ---------------

OS:Ubuntu 11.10 (oneiric)
uname:Linux 3.0.0-15-generic-pae #26-Ubuntu SMP Fri Jan 20 17:07:31 UTC 2012 i686
libc:glibc 2.13 NPTL 2.13 
rlimit: STACK 8192k, CORE 0k, NPROC 31769, NOFILE 4096, AS infinity
load average:0.72 0.54 0.76

/proc/meminfo:
MemTotal:        4086676 kB
MemFree:          235880 kB
Buffers:           81400 kB
Cached:           274872 kB
SwapCached:        18116 kB
Active:          2466780 kB
Inactive:         738216 kB
Active(anon):    2299216 kB
Inactive(anon):   563008 kB
Active(file):     167564 kB
Inactive(file):   175208 kB
Unevictable:        2792 kB
Mlocked:            2792 kB
HighTotal:       3245320 kB
HighFree:          50336 kB
LowTotal:         841356 kB
LowFree:          185544 kB
SwapTotal:       3993028 kB
SwapFree:        3665524 kB
Dirty:               560 kB
Writeback:             0 kB
AnonPages:       2836052 kB
Mapped:           178368 kB
Shmem:             11680 kB
Slab:             252080 kB
SReclaimable:     225640 kB
SUnreclaim:        26440 kB
KernelStack:        7776 kB
PageTables:        22260 kB
NFS_Unstable:          0 kB
Bounce:                0 kB
WritebackTmp:          0 kB
CommitLimit:     6036364 kB
Committed_AS:    7333532 kB
VmallocTotal:     122880 kB
VmallocUsed:       45288 kB
VmallocChunk:      74072 kB
HardwareCorrupted:     0 kB
AnonHugePages:         0 kB
HugePages_Total:       0
HugePages_Free:        0
HugePages_Rsvd:        0
HugePages_Surp:        0
Hugepagesize:       2048 kB
DirectMap4k:       10232 kB
DirectMap2M:      903168 kB


CPU:total 2 (2 cores per cpu, 1 threads per core) family 6 model 23 stepping 10, cmov, cx8, fxsr, mmx, sse, sse2, sse3, ssse3, sse4.1

Memory: 4k page, physical 4086676k(235880k free), swap 3993028k(3665524k free)

vm_info: OpenJDK Server VM (20.0-b11) for linux-x86 JRE (1.6.0_23-b23), built on Feb 23 2012 06:26:43 by "buildd" with gcc 4.6.1

time: Tue Apr 10 23:10:49 2012
elapsed time: 0 seconds

