#
# A fatal error has been detected by the Java Runtime Environment:
#
#  Internal Error (classFileParser.cpp:3494), pid=32208, tid=3062258544
#  Error: ShouldNotReachHere()
#
# JRE version: 6.0_23-b23
# Java VM: OpenJDK Server VM (20.0-b11 mixed mode linux-x86 )
# Derivative: IcedTea6 1.11pre
# Distribution: Ubuntu 11.10, package 6b23~pre11-0ubuntu1.11.10.2
# If you would like to submit a bug report, please include
# instructions how to reproduce the bug and visit:
#   https://bugs.launchpad.net/ubuntu/+source/openjdk-6/
#

---------------  T H R E A D  ---------------

Current thread (0x082b2000):  JavaThread "Unknown thread" [_thread_in_vm, id=32210, stack(0xb6815000,0xb6866000)]

Stack: [0xb6815000,0xb6866000]
[error occurred during error reporting (printing stack bounds), id 0xb]


[error occurred during error reporting (printing native stack), id 0xb]


---------------  P R O C E S S  ---------------

Java Threads: ( => current thread )

Other Threads:

=>0x082b2000 (exited) JavaThread "Unknown thread" [_thread_in_vm, id=32210, stack(0xb6815000,0xb6866000)]

VM state:not at safepoint (not fully initialized)

VM Mutex/Monitor currently owned by a thread: None

Dynamic libraries:
08048000-08051000 r-xp 00000000 08:03 1311511    /usr/lib/jvm/java-6-openjdk/jre/bin/java
08051000-08052000 r--p 00008000 08:03 1311511    /usr/lib/jvm/java-6-openjdk/jre/bin/java
08052000-08053000 rw-p 00009000 08:03 1311511    /usr/lib/jvm/java-6-openjdk/jre/bin/java
082ab000-08312000 rw-p 00000000 00:00 0          [heap]
6ca00000-6ca21000 rw-p 00000000 00:00 0 
6ca21000-6cb00000 ---p 00000000 00:00 0 
6cb87000-6cbfd000 r--s 00902000 08:03 299837     /home/ganesh/Documents/android-sdk-linux/platforms/android-10/android.jar
6cbfd000-6cbfe000 ---p 00000000 00:00 0 
6cbfe000-6cc7e000 rw-p 00000000 00:00 0 
6cc7e000-6cc7f000 ---p 00000000 00:00 0 
6cc7f000-6cd07000 rw-p 00000000 00:00 0 
6cd07000-6cd3f000 rw-p 00000000 00:00 0 
6cd3f000-6cd54000 rw-p 00000000 00:00 0 
6cd54000-6ce8c000 rw-p 00000000 00:00 0 
6ce8c000-6ce94000 rw-p 00000000 00:00 0 
6ce94000-6cecc000 rw-p 00000000 00:00 0 
6cecc000-6cee1000 rw-p 00000000 00:00 0 
6cee1000-6d018000 rw-p 00000000 00:00 0 
6d018000-6d024000 rw-p 00000000 00:00 0 
6d024000-6d0bf000 rw-p 00000000 00:00 0 
6d0bf000-6e0c0000 rw-p 00000000 00:00 0 
6e0c0000-750c0000 rw-p 00000000 00:00 0 
750c0000-77a60000 rw-p 00000000 00:00 0 
77a60000-9ea20000 rw-p 00000000 00:00 0 
9ea20000-9fee0000 rw-p 00000000 00:00 0 
9fee0000-b36c0000 rw-p 00000000 00:00 0 
b36cf000-b36d8000 rw-p 00000000 00:00 0 
b36d8000-b378f000 rw-p 00000000 00:00 0 
b378f000-b39cf000 rwxp 00000000 00:00 0 
b39cf000-b678f000 rw-p 00000000 00:00 0 
b678f000-b679a000 r-xp 00000000 08:03 971471     /lib/i386-linux-gnu/libnss_files-2.13.so
b679a000-b679b000 r--p 0000a000 08:03 971471     /lib/i386-linux-gnu/libnss_files-2.13.so
b679b000-b679c000 rw-p 0000b000 08:03 971471     /lib/i386-linux-gnu/libnss_files-2.13.so
b679c000-b67b1000 r-xp 00000000 08:03 935161     /lib/i386-linux-gnu/libnsl-2.13.so
b67b1000-b67b2000 r--p 00015000 08:03 935161     /lib/i386-linux-gnu/libnsl-2.13.so
b67b2000-b67b3000 rw-p 00016000 08:03 935161     /lib/i386-linux-gnu/libnsl-2.13.so
b67b3000-b67b5000 rw-p 00000000 00:00 0 
b67b5000-b67bd000 r-xp 00000000 08:03 935162     /lib/i386-linux-gnu/libnss_compat-2.13.so
b67bd000-b67be000 r--p 00007000 08:03 935162     /lib/i386-linux-gnu/libnss_compat-2.13.so
b67be000-b67bf000 rw-p 00008000 08:03 935162     /lib/i386-linux-gnu/libnss_compat-2.13.so
b67da000-b67e1000 r-xp 00000000 08:03 1311487    /usr/lib/jvm/java-6-openjdk/jre/lib/i386/libzip.so
b67e1000-b67e2000 r--p 00006000 08:03 1311487    /usr/lib/jvm/java-6-openjdk/jre/lib/i386/libzip.so
b67e2000-b67e3000 rw-p 00007000 08:03 1311487    /usr/lib/jvm/java-6-openjdk/jre/lib/i386/libzip.so
b67e3000-b6809000 r-xp 00000000 08:03 1311302    /usr/lib/jvm/java-6-openjdk/jre/lib/i386/libjava.so
b6809000-b680a000 r--p 00025000 08:03 1311302    /usr/lib/jvm/java-6-openjdk/jre/lib/i386/libjava.so
b680a000-b680c000 rw-p 00026000 08:03 1311302    /usr/lib/jvm/java-6-openjdk/jre/lib/i386/libjava.so
b680c000-b6813000 r-xp 00000000 08:03 971478     /lib/i386-linux-gnu/librt-2.13.so
b6813000-b6814000 r--p 00006000 08:03 971478     /lib/i386-linux-gnu/librt-2.13.so
b6814000-b6815000 rw-p 00007000 08:03 971478     /lib/i386-linux-gnu/librt-2.13.so
b6815000-b6818000 ---p 00000000 00:00 0 
b6818000-b6866000 rw-p 00000000 00:00 0 
b6866000-b6882000 r-xp 00000000 08:03 932163     /lib/i386-linux-gnu/libgcc_s.so.1
b6882000-b6883000 r--p 0001b000 08:03 932163     /lib/i386-linux-gnu/libgcc_s.so.1
b6883000-b6884000 rw-p 0001c000 08:03 932163     /lib/i386-linux-gnu/libgcc_s.so.1
b6884000-b68ac000 r-xp 00000000 08:03 935159     /lib/i386-linux-gnu/libm-2.13.so
b68ac000-b68ad000 r--p 00028000 08:03 935159     /lib/i386-linux-gnu/libm-2.13.so
b68ad000-b68ae000 rw-p 00029000 08:03 935159     /lib/i386-linux-gnu/libm-2.13.so
b68ae000-b698c000 r-xp 00000000 08:03 1832670    /usr/lib/i386-linux-gnu/libstdc++.so.6.0.16
b698c000-b698d000 ---p 000de000 08:03 1832670    /usr/lib/i386-linux-gnu/libstdc++.so.6.0.16
b698d000-b6991000 r--p 000de000 08:03 1832670    /usr/lib/i386-linux-gnu/libstdc++.so.6.0.16
b6991000-b6992000 rw-p 000e2000 08:03 1832670    /usr/lib/i386-linux-gnu/libstdc++.so.6.0.16
b6992000-b6999000 rw-p 00000000 00:00 0 
b6999000-b71b7000 r-xp 00000000 08:03 1311489    /usr/lib/jvm/java-6-openjdk/jre/lib/i386/server/libjvm.so
b71b7000-b71fc000 r--p 0081e000 08:03 1311489    /usr/lib/jvm/java-6-openjdk/jre/lib/i386/server/libjvm.so
b71fc000-b720b000 rw-p 00863000 08:03 1311489    /usr/lib/jvm/java-6-openjdk/jre/lib/i386/server/libjvm.so
b720b000-b7627000 rw-p 00000000 00:00 0 
b7627000-b763a000 r-xp 00000000 08:03 916628     /lib/i386-linux-gnu/libz.so.1.2.3.4
b763a000-b763b000 r--p 00012000 08:03 916628     /lib/i386-linux-gnu/libz.so.1.2.3.4
b763b000-b763c000 rw-p 00013000 08:03 916628     /lib/i386-linux-gnu/libz.so.1.2.3.4
b763c000-b77b4000 r-xp 00000000 08:03 935155     /lib/i386-linux-gnu/libc-2.13.so
b77b4000-b77b6000 r--p 00178000 08:03 935155     /lib/i386-linux-gnu/libc-2.13.so
b77b6000-b77b7000 rw-p 0017a000 08:03 935155     /lib/i386-linux-gnu/libc-2.13.so
b77b7000-b77ba000 rw-p 00000000 00:00 0 
b77ba000-b77bd000 r-xp 00000000 08:03 935158     /lib/i386-linux-gnu/libdl-2.13.so
b77bd000-b77be000 r--p 00002000 08:03 935158     /lib/i386-linux-gnu/libdl-2.13.so
b77be000-b77bf000 rw-p 00003000 08:03 935158     /lib/i386-linux-gnu/libdl-2.13.so
b77bf000-b77c3000 r-xp 00000000 08:03 1311290    /usr/lib/jvm/java-6-openjdk/jre/lib/i386/jli/libjli.so
b77c3000-b77c4000 r--p 00003000 08:03 1311290    /usr/lib/jvm/java-6-openjdk/jre/lib/i386/jli/libjli.so
b77c4000-b77c5000 rw-p 00004000 08:03 1311290    /usr/lib/jvm/java-6-openjdk/jre/lib/i386/jli/libjli.so
b77c5000-b77c6000 rw-p 00000000 00:00 0 
b77c6000-b77dd000 r-xp 00000000 08:03 971476     /lib/i386-linux-gnu/libpthread-2.13.so
b77dd000-b77de000 r--p 00016000 08:03 971476     /lib/i386-linux-gnu/libpthread-2.13.so
b77de000-b77df000 rw-p 00017000 08:03 971476     /lib/i386-linux-gnu/libpthread-2.13.so
b77df000-b77e1000 rw-p 00000000 00:00 0 
b77e1000-b77e9000 rw-s 00000000 08:03 1573887    /tmp/hsperfdata_ganesh/32208
b77e9000-b77f3000 r-xp 00000000 08:03 971473     /lib/i386-linux-gnu/libnss_nis-2.13.so
b77f3000-b77f4000 r--p 00009000 08:03 971473     /lib/i386-linux-gnu/libnss_nis-2.13.so
b77f4000-b77f5000 rw-p 0000a000 08:03 971473     /lib/i386-linux-gnu/libnss_nis-2.13.so
b77f5000-b77f6000 rw-p 00000000 00:00 0 
b77f6000-b77f7000 r--p 00000000 00:00 0 
b77f7000-b7802000 r-xp 00000000 08:03 1311486    /usr/lib/jvm/java-6-openjdk/jre/lib/i386/libverify.so
b7802000-b7803000 ---p 0000b000 08:03 1311486    /usr/lib/jvm/java-6-openjdk/jre/lib/i386/libverify.so
b7803000-b7804000 r--p 0000b000 08:03 1311486    /usr/lib/jvm/java-6-openjdk/jre/lib/i386/libverify.so
b7804000-b7805000 rw-p 0000c000 08:03 1311486    /usr/lib/jvm/java-6-openjdk/jre/lib/i386/libverify.so
b7805000-b7807000 rw-p 00000000 00:00 0 
b7807000-b7808000 r-xp 00000000 00:00 0          [vdso]
b7808000-b7826000 r-xp 00000000 08:03 935152     /lib/i386-linux-gnu/ld-2.13.so
b7826000-b7827000 r--p 0001d000 08:03 935152     /lib/i386-linux-gnu/ld-2.13.so
b7827000-b7828000 rw-p 0001e000 08:03 935152     /lib/i386-linux-gnu/ld-2.13.so
bf855000-bf877000 rw-p 00000000 00:00 0          [stack]

VM Arguments:
jvm_args: -Dfile.encoding=UTF-8 -Xbootclasspath:/home/ganesh/Documents/android-sdk-linux/platforms/android-10/android.jar 
java_command: com.nesh.apps.RSSReader
Launcher Type: SUN_STANDARD

Environment Variables:
JAVA_HOME=/usr/lib/jvm/java-6-sun
PATH=/home/ganesh/.rvm/gems/ruby-1.9.3-p125/bin:/home/ganesh/.rvm/gems/ruby-1.9.3-p125@global/bin:/home/ganesh/.rvm/rubies/ruby-1.9.3-p125/bin:/home/ganesh/.rvm/bin:/usr/lib/lightdm/lightdm:/usr/local/sbin:/usr/local/bin:/usr/sbin:/usr/bin:/sbin:/bin:/usr/games
USERNAME=ganesh
LD_LIBRARY_PATH=/usr/lib/jvm/java-6-openjdk/jre/lib/i386/server:/usr/lib/jvm/java-6-openjdk/jre/lib/i386:/usr/lib/jvm/java-6-openjdk/jre/../lib/i386:/usr/lib/jvm/java-6-openjdk/jre/lib/i386/client:/usr/lib/jvm/java-6-openjdk/jre/lib/i386:
SHELL=/bin/bash
DISPLAY=:0

Signal Handlers:
SIGSEGV: [libjvm.so+0x66a530], sa_mask[0]=0x7ffbfeff, sa_flags=0x10000004
SIGBUS: [libjvm.so+0x66a530], sa_mask[0]=0x7ffbfeff, sa_flags=0x10000004
SIGFPE: [libjvm.so+0x52e2c0], sa_mask[0]=0x7ffbfeff, sa_flags=0x10000004
SIGPIPE: [libjvm.so+0x52e2c0], sa_mask[0]=0x7ffbfeff, sa_flags=0x10000004
SIGXFSZ: [libjvm.so+0x52e2c0], sa_mask[0]=0x7ffbfeff, sa_flags=0x10000004
SIGILL: [libjvm.so+0x52e2c0], sa_mask[0]=0x7ffbfeff, sa_flags=0x10000004
SIGUSR1: SIG_DFL, sa_mask[0]=0x00000000, sa_flags=0x00000000
SIGUSR2: [libjvm.so+0x52e150], sa_mask[0]=0x00000004, sa_flags=0x10000004
SIGHUP: SIG_DFL, sa_mask[0]=0x00000000, sa_flags=0x00000000
SIGINT: SIG_DFL, sa_mask[0]=0x00000000, sa_flags=0x00000000
SIGTERM: SIG_DFL, sa_mask[0]=0x00000000, sa_flags=0x00000000
SIGQUIT: SIG_DFL, sa_mask[0]=0x00000000, sa_flags=0x00000000


---------------  S Y S T E M  ---------------

OS:Ubuntu 11.10 (oneiric)
uname:Linux 3.0.0-15-generic-pae #26-Ubuntu SMP Fri Jan 20 17:07:31 UTC 2012 i686
libc:glibc 2.13 NPTL 2.13 
rlimit: STACK 8192k, CORE 0k, NPROC 31769, NOFILE 4096, AS infinity
load average:0.15 0.43 0.64

/proc/meminfo:
MemTotal:        4086676 kB
MemFree:          253412 kB
Buffers:           74672 kB
Cached:           269780 kB
SwapCached:        19680 kB
Active:          2432080 kB
Inactive:         725820 kB
Active(anon):    2261780 kB
Inactive(anon):   566616 kB
Active(file):     170300 kB
Inactive(file):   159204 kB
Unevictable:        2792 kB
Mlocked:            2792 kB
HighTotal:       3245320 kB
HighFree:          67696 kB
LowTotal:         841356 kB
LowFree:          185716 kB
SwapTotal:       3993028 kB
SwapFree:        3631884 kB
Dirty:               976 kB
Writeback:             0 kB
AnonPages:       2799264 kB
Mapped:           188104 kB
Shmem:             13128 kB
Slab:             248740 kB
SReclaimable:     222276 kB
SUnreclaim:        26464 kB
KernelStack:        7800 kB
PageTables:        22280 kB
NFS_Unstable:          0 kB
Bounce:                0 kB
WritebackTmp:          0 kB
CommitLimit:     6036364 kB
Committed_AS:    7332520 kB
VmallocTotal:     122880 kB
VmallocUsed:       45288 kB
VmallocChunk:      74072 kB
HardwareCorrupted:     0 kB
AnonHugePages:         0 kB
HugePages_Total:       0
HugePages_Free:        0
HugePages_Rsvd:        0
HugePages_Surp:        0
Hugepagesize:       2048 kB
DirectMap4k:       10232 kB
DirectMap2M:      903168 kB


CPU:total 2 (2 cores per cpu, 1 threads per core) family 6 model 23 stepping 10, cmov, cx8, fxsr, mmx, sse, sse2, sse3, ssse3, sse4.1

Memory: 4k page, physical 4086676k(253412k free), swap 3993028k(3631884k free)

vm_info: OpenJDK Server VM (20.0-b11) for linux-x86 JRE (1.6.0_23-b23), built on Feb 23 2012 06:26:43 by "buildd" with gcc 4.6.1

time: Tue Apr 10 23:18:36 2012
elapsed time: 0 seconds

