#
# A fatal error has been detected by the Java Runtime Environment:
#
#  Internal Error (classFileParser.cpp:3494), pid=31591, tid=3063114608
#  Error: ShouldNotReachHere()
#
# JRE version: 6.0_23-b23
# Java VM: OpenJDK Server VM (20.0-b11 mixed mode linux-x86 )
# Derivative: IcedTea6 1.11pre
# Distribution: Ubuntu 11.10, package 6b23~pre11-0ubuntu1.11.10.2
# If you would like to submit a bug report, please include
# instructions how to reproduce the bug and visit:
#   https://bugs.launchpad.net/ubuntu/+source/openjdk-6/
#

---------------  T H R E A D  ---------------

Current thread (0x0950b000):  JavaThread "Unknown thread" [_thread_in_vm, id=31593, stack(0xb68e6000,0xb6937000)]

Stack: [0xb68e6000,0xb6937000]
[error occurred during error reporting (printing stack bounds), id 0xb]


[error occurred during error reporting (printing native stack), id 0xb]


---------------  P R O C E S S  ---------------

Java Threads: ( => current thread )

Other Threads:

=>0x0950b000 (exited) JavaThread "Unknown thread" [_thread_in_vm, id=31593, stack(0xb68e6000,0xb6937000)]

VM state:not at safepoint (not fully initialized)

VM Mutex/Monitor currently owned by a thread: None

Dynamic libraries:
08048000-08051000 r-xp 00000000 08:03 1311511    /usr/lib/jvm/java-6-openjdk/jre/bin/java
08051000-08052000 r--p 00008000 08:03 1311511    /usr/lib/jvm/java-6-openjdk/jre/bin/java
08052000-08053000 rw-p 00009000 08:03 1311511    /usr/lib/jvm/java-6-openjdk/jre/bin/java
09504000-0956b000 rw-p 00000000 00:00 0          [heap]
6cc67000-6ccdd000 r--s 00902000 08:03 299837     /home/ganesh/Documents/android-sdk-linux/platforms/android-10/android.jar
6ccdd000-6ccde000 ---p 00000000 00:00 0 
6ccde000-6cd5e000 rw-p 00000000 00:00 0 
6cd5e000-6cd5f000 ---p 00000000 00:00 0 
6cd5f000-6cde7000 rw-p 00000000 00:00 0 
6cde7000-6ce1f000 rw-p 00000000 00:00 0 
6ce1f000-6ce34000 rw-p 00000000 00:00 0 
6ce34000-6cf6c000 rw-p 00000000 00:00 0 
6cf6c000-6cf74000 rw-p 00000000 00:00 0 
6cf74000-6cfac000 rw-p 00000000 00:00 0 
6cfac000-6cfc1000 rw-p 00000000 00:00 0 
6cfc1000-6d0f8000 rw-p 00000000 00:00 0 
6d0f8000-6d104000 rw-p 00000000 00:00 0 
6d104000-6d19f000 rw-p 00000000 00:00 0 
6d19f000-6e1a0000 rw-p 00000000 00:00 0 
6e1a0000-751a0000 rw-p 00000000 00:00 0 
751a0000-77b40000 rw-p 00000000 00:00 0 
77b40000-9eb00000 rw-p 00000000 00:00 0 
9eb00000-9ffc0000 rw-p 00000000 00:00 0 
9ffc0000-b37a0000 rw-p 00000000 00:00 0 
b37a0000-b37a9000 rw-p 00000000 00:00 0 
b37a9000-b3860000 rw-p 00000000 00:00 0 
b3860000-b3aa0000 rwxp 00000000 00:00 0 
b3aa0000-b6860000 rw-p 00000000 00:00 0 
b6860000-b686b000 r-xp 00000000 08:03 971471     /lib/i386-linux-gnu/libnss_files-2.13.so
b686b000-b686c000 r--p 0000a000 08:03 971471     /lib/i386-linux-gnu/libnss_files-2.13.so
b686c000-b686d000 rw-p 0000b000 08:03 971471     /lib/i386-linux-gnu/libnss_files-2.13.so
b686d000-b6882000 r-xp 00000000 08:03 935161     /lib/i386-linux-gnu/libnsl-2.13.so
b6882000-b6883000 r--p 00015000 08:03 935161     /lib/i386-linux-gnu/libnsl-2.13.so
b6883000-b6884000 rw-p 00016000 08:03 935161     /lib/i386-linux-gnu/libnsl-2.13.so
b6884000-b6886000 rw-p 00000000 00:00 0 
b6886000-b688e000 r-xp 00000000 08:03 935162     /lib/i386-linux-gnu/libnss_compat-2.13.so
b688e000-b688f000 r--p 00007000 08:03 935162     /lib/i386-linux-gnu/libnss_compat-2.13.so
b688f000-b6890000 rw-p 00008000 08:03 935162     /lib/i386-linux-gnu/libnss_compat-2.13.so
b68ab000-b68b2000 r-xp 00000000 08:03 1311487    /usr/lib/jvm/java-6-openjdk/jre/lib/i386/libzip.so
b68b2000-b68b3000 r--p 00006000 08:03 1311487    /usr/lib/jvm/java-6-openjdk/jre/lib/i386/libzip.so
b68b3000-b68b4000 rw-p 00007000 08:03 1311487    /usr/lib/jvm/java-6-openjdk/jre/lib/i386/libzip.so
b68b4000-b68da000 r-xp 00000000 08:03 1311302    /usr/lib/jvm/java-6-openjdk/jre/lib/i386/libjava.so
b68da000-b68db000 r--p 00025000 08:03 1311302    /usr/lib/jvm/java-6-openjdk/jre/lib/i386/libjava.so
b68db000-b68dd000 rw-p 00026000 08:03 1311302    /usr/lib/jvm/java-6-openjdk/jre/lib/i386/libjava.so
b68dd000-b68e4000 r-xp 00000000 08:03 971478     /lib/i386-linux-gnu/librt-2.13.so
b68e4000-b68e5000 r--p 00006000 08:03 971478     /lib/i386-linux-gnu/librt-2.13.so
b68e5000-b68e6000 rw-p 00007000 08:03 971478     /lib/i386-linux-gnu/librt-2.13.so
b68e6000-b68e9000 ---p 00000000 00:00 0 
b68e9000-b6937000 rw-p 00000000 00:00 0 
b6937000-b6953000 r-xp 00000000 08:03 932163     /lib/i386-linux-gnu/libgcc_s.so.1
b6953000-b6954000 r--p 0001b000 08:03 932163     /lib/i386-linux-gnu/libgcc_s.so.1
b6954000-b6955000 rw-p 0001c000 08:03 932163     /lib/i386-linux-gnu/libgcc_s.so.1
b6955000-b697d000 r-xp 00000000 08:03 935159     /lib/i386-linux-gnu/libm-2.13.so
b697d000-b697e000 r--p 00028000 08:03 935159     /lib/i386-linux-gnu/libm-2.13.so
b697e000-b697f000 rw-p 00029000 08:03 935159     /lib/i386-linux-gnu/libm-2.13.so
b697f000-b6a5d000 r-xp 00000000 08:03 1832670    /usr/lib/i386-linux-gnu/libstdc++.so.6.0.16
b6a5d000-b6a5e000 ---p 000de000 08:03 1832670    /usr/lib/i386-linux-gnu/libstdc++.so.6.0.16
b6a5e000-b6a62000 r--p 000de000 08:03 1832670    /usr/lib/i386-linux-gnu/libstdc++.so.6.0.16
b6a62000-b6a63000 rw-p 000e2000 08:03 1832670    /usr/lib/i386-linux-gnu/libstdc++.so.6.0.16
b6a63000-b6a6a000 rw-p 00000000 00:00 0 
b6a6a000-b7288000 r-xp 00000000 08:03 1311489    /usr/lib/jvm/java-6-openjdk/jre/lib/i386/server/libjvm.so
b7288000-b72cd000 r--p 0081e000 08:03 1311489    /usr/lib/jvm/java-6-openjdk/jre/lib/i386/server/libjvm.so
b72cd000-b72dc000 rw-p 00863000 08:03 1311489    /usr/lib/jvm/java-6-openjdk/jre/lib/i386/server/libjvm.so
b72dc000-b76f8000 rw-p 00000000 00:00 0 
b76f8000-b770b000 r-xp 00000000 08:03 916628     /lib/i386-linux-gnu/libz.so.1.2.3.4
b770b000-b770c000 r--p 00012000 08:03 916628     /lib/i386-linux-gnu/libz.so.1.2.3.4
b770c000-b770d000 rw-p 00013000 08:03 916628     /lib/i386-linux-gnu/libz.so.1.2.3.4
b770d000-b7885000 r-xp 00000000 08:03 935155     /lib/i386-linux-gnu/libc-2.13.so
b7885000-b7887000 r--p 00178000 08:03 935155     /lib/i386-linux-gnu/libc-2.13.so
b7887000-b7888000 rw-p 0017a000 08:03 935155     /lib/i386-linux-gnu/libc-2.13.so
b7888000-b788b000 rw-p 00000000 00:00 0 
b788b000-b788e000 r-xp 00000000 08:03 935158     /lib/i386-linux-gnu/libdl-2.13.so
b788e000-b788f000 r--p 00002000 08:03 935158     /lib/i386-linux-gnu/libdl-2.13.so
b788f000-b7890000 rw-p 00003000 08:03 935158     /lib/i386-linux-gnu/libdl-2.13.so
b7890000-b7894000 r-xp 00000000 08:03 1311290    /usr/lib/jvm/java-6-openjdk/jre/lib/i386/jli/libjli.so
b7894000-b7895000 r--p 00003000 08:03 1311290    /usr/lib/jvm/java-6-openjdk/jre/lib/i386/jli/libjli.so
b7895000-b7896000 rw-p 00004000 08:03 1311290    /usr/lib/jvm/java-6-openjdk/jre/lib/i386/jli/libjli.so
b7896000-b7897000 rw-p 00000000 00:00 0 
b7897000-b78ae000 r-xp 00000000 08:03 971476     /lib/i386-linux-gnu/libpthread-2.13.so
b78ae000-b78af000 r--p 00016000 08:03 971476     /lib/i386-linux-gnu/libpthread-2.13.so
b78af000-b78b0000 rw-p 00017000 08:03 971476     /lib/i386-linux-gnu/libpthread-2.13.so
b78b0000-b78b2000 rw-p 00000000 00:00 0 
b78b2000-b78ba000 rw-s 00000000 08:03 1573887    /tmp/hsperfdata_ganesh/31591
b78ba000-b78c4000 r-xp 00000000 08:03 971473     /lib/i386-linux-gnu/libnss_nis-2.13.so
b78c4000-b78c5000 r--p 00009000 08:03 971473     /lib/i386-linux-gnu/libnss_nis-2.13.so
b78c5000-b78c6000 rw-p 0000a000 08:03 971473     /lib/i386-linux-gnu/libnss_nis-2.13.so
b78c6000-b78c7000 rw-p 00000000 00:00 0 
b78c7000-b78c8000 r--p 00000000 00:00 0 
b78c8000-b78d3000 r-xp 00000000 08:03 1311486    /usr/lib/jvm/java-6-openjdk/jre/lib/i386/libverify.so
b78d3000-b78d4000 ---p 0000b000 08:03 1311486    /usr/lib/jvm/java-6-openjdk/jre/lib/i386/libverify.so
b78d4000-b78d5000 r--p 0000b000 08:03 1311486    /usr/lib/jvm/java-6-openjdk/jre/lib/i386/libverify.so
b78d5000-b78d6000 rw-p 0000c000 08:03 1311486    /usr/lib/jvm/java-6-openjdk/jre/lib/i386/libverify.so
b78d6000-b78d8000 rw-p 00000000 00:00 0 
b78d8000-b78d9000 r-xp 00000000 00:00 0          [vdso]
b78d9000-b78f7000 r-xp 00000000 08:03 935152     /lib/i386-linux-gnu/ld-2.13.so
b78f7000-b78f8000 r--p 0001d000 08:03 935152     /lib/i386-linux-gnu/ld-2.13.so
b78f8000-b78f9000 rw-p 0001e000 08:03 935152     /lib/i386-linux-gnu/ld-2.13.so
bff6a000-bff8c000 rw-p 00000000 00:00 0          [stack]

VM Arguments:
jvm_args: -Dfile.encoding=UTF-8 -Xbootclasspath:/home/ganesh/Documents/android-sdk-linux/platforms/android-10/android.jar 
java_command: com.nesh.apps.RSSReader
Launcher Type: SUN_STANDARD

Environment Variables:
JAVA_HOME=/usr/lib/jvm/java-6-sun
PATH=/home/ganesh/.rvm/gems/ruby-1.9.3-p125/bin:/home/ganesh/.rvm/gems/ruby-1.9.3-p125@global/bin:/home/ganesh/.rvm/rubies/ruby-1.9.3-p125/bin:/home/ganesh/.rvm/bin:/usr/lib/lightdm/lightdm:/usr/local/sbin:/usr/local/bin:/usr/sbin:/usr/bin:/sbin:/bin:/usr/games
USERNAME=ganesh
LD_LIBRARY_PATH=/usr/lib/jvm/java-6-openjdk/jre/lib/i386/server:/usr/lib/jvm/java-6-openjdk/jre/lib/i386:/usr/lib/jvm/java-6-openjdk/jre/../lib/i386:/usr/lib/jvm/java-6-openjdk/jre/lib/i386/client:/usr/lib/jvm/java-6-openjdk/jre/lib/i386:
SHELL=/bin/bash
DISPLAY=:0

Signal Handlers:
SIGSEGV: [libjvm.so+0x66a530], sa_mask[0]=0x7ffbfeff, sa_flags=0x10000004
SIGBUS: [libjvm.so+0x66a530], sa_mask[0]=0x7ffbfeff, sa_flags=0x10000004
SIGFPE: [libjvm.so+0x52e2c0], sa_mask[0]=0x7ffbfeff, sa_flags=0x10000004
SIGPIPE: [libjvm.so+0x52e2c0], sa_mask[0]=0x7ffbfeff, sa_flags=0x10000004
SIGXFSZ: [libjvm.so+0x52e2c0], sa_mask[0]=0x7ffbfeff, sa_flags=0x10000004
SIGILL: [libjvm.so+0x52e2c0], sa_mask[0]=0x7ffbfeff, sa_flags=0x10000004
SIGUSR1: SIG_DFL, sa_mask[0]=0x00000000, sa_flags=0x00000000
SIGUSR2: [libjvm.so+0x52e150], sa_mask[0]=0x00000004, sa_flags=0x10000004
SIGHUP: SIG_DFL, sa_mask[0]=0x00000000, sa_flags=0x00000000
SIGINT: SIG_DFL, sa_mask[0]=0x00000000, sa_flags=0x00000000
SIGTERM: SIG_DFL, sa_mask[0]=0x00000000, sa_flags=0x00000000
SIGQUIT: SIG_DFL, sa_mask[0]=0x00000000, sa_flags=0x00000000


---------------  S Y S T E M  ---------------

OS:Ubuntu 11.10 (oneiric)
uname:Linux 3.0.0-15-generic-pae #26-Ubuntu SMP Fri Jan 20 17:07:31 UTC 2012 i686
libc:glibc 2.13 NPTL 2.13 
rlimit: STACK 8192k, CORE 0k, NPROC 31769, NOFILE 4096, AS infinity
load average:0.49 0.60 0.71

/proc/meminfo:
MemTotal:        4086676 kB
MemFree:          235756 kB
Buffers:           72692 kB
Cached:           258828 kB
SwapCached:        19080 kB
Active:          2462144 kB
Inactive:         713196 kB
Active(anon):    2292684 kB
Inactive(anon):   566084 kB
Active(file):     169460 kB
Inactive(file):   147112 kB
Unevictable:        2792 kB
Mlocked:            2792 kB
HighTotal:       3245320 kB
HighFree:          45872 kB
LowTotal:         841356 kB
LowFree:          189884 kB
SwapTotal:       3993028 kB
SwapFree:        3631788 kB
Dirty:               604 kB
Writeback:             0 kB
AnonPages:       2830164 kB
Mapped:           188256 kB
Shmem:             13128 kB
Slab:             248748 kB
SReclaimable:     222348 kB
SUnreclaim:        26400 kB
KernelStack:        7808 kB
PageTables:        22264 kB
NFS_Unstable:          0 kB
Bounce:                0 kB
WritebackTmp:          0 kB
CommitLimit:     6036364 kB
Committed_AS:    7333560 kB
VmallocTotal:     122880 kB
VmallocUsed:       45288 kB
VmallocChunk:      74072 kB
HardwareCorrupted:     0 kB
AnonHugePages:         0 kB
HugePages_Total:       0
HugePages_Free:        0
HugePages_Rsvd:        0
HugePages_Surp:        0
Hugepagesize:       2048 kB
DirectMap4k:       10232 kB
DirectMap2M:      903168 kB


CPU:total 2 (2 cores per cpu, 1 threads per core) family 6 model 23 stepping 10, cmov, cx8, fxsr, mmx, sse, sse2, sse3, ssse3, sse4.1

Memory: 4k page, physical 4086676k(235756k free), swap 3993028k(3631788k free)

vm_info: OpenJDK Server VM (20.0-b11) for linux-x86 JRE (1.6.0_23-b23), built on Feb 23 2012 06:26:43 by "buildd" with gcc 4.6.1

time: Tue Apr 10 23:16:31 2012
elapsed time: 0 seconds

