#
# A fatal error has been detected by the Java Runtime Environment:
#
#  Internal Error (classFileParser.cpp:3494), pid=29678, tid=3061128048
#  Error: ShouldNotReachHere()
#
# JRE version: 6.0_23-b23
# Java VM: OpenJDK Server VM (20.0-b11 mixed mode linux-x86 )
# Derivative: IcedTea6 1.11pre
# Distribution: Ubuntu 11.10, package 6b23~pre11-0ubuntu1.11.10.2
# If you would like to submit a bug report, please include
# instructions how to reproduce the bug and visit:
#   https://bugs.launchpad.net/ubuntu/+source/openjdk-6/
#

---------------  T H R E A D  ---------------

Current thread (0x08fc2000):  JavaThread "Unknown thread" [_thread_in_vm, id=29682, stack(0xb6701000,0xb6752000)]

Stack: [0xb6701000,0xb6752000]
[error occurred during error reporting (printing stack bounds), id 0xb]


[error occurred during error reporting (printing native stack), id 0xb]


---------------  P R O C E S S  ---------------

Java Threads: ( => current thread )

Other Threads:

=>0x08fc2000 (exited) JavaThread "Unknown thread" [_thread_in_vm, id=29682, stack(0xb6701000,0xb6752000)]

VM state:not at safepoint (not fully initialized)

VM Mutex/Monitor currently owned by a thread: None

Dynamic libraries:
08048000-08051000 r-xp 00000000 08:03 1311511    /usr/lib/jvm/java-6-openjdk/jre/bin/java
08051000-08052000 r--p 00008000 08:03 1311511    /usr/lib/jvm/java-6-openjdk/jre/bin/java
08052000-08053000 rw-p 00009000 08:03 1311511    /usr/lib/jvm/java-6-openjdk/jre/bin/java
08fbb000-08fdc000 rw-p 00000000 00:00 0          [heap]
6c900000-6c947000 rw-p 00000000 00:00 0 
6c947000-6ca00000 ---p 00000000 00:00 0 
6ca77000-6caed000 r--s 00902000 08:03 299837     /home/ganesh/Documents/android-sdk-linux/platforms/android-10/android.jar
6caed000-6caee000 ---p 00000000 00:00 0 
6caee000-6cb6e000 rw-p 00000000 00:00 0 
6cb6e000-6cb6f000 ---p 00000000 00:00 0 
6cb6f000-6cbf7000 rw-p 00000000 00:00 0 
6cbf7000-6cc2f000 rw-p 00000000 00:00 0 
6cc2f000-6cc44000 rw-p 00000000 00:00 0 
6cc44000-6cd7c000 rw-p 00000000 00:00 0 
6cd7c000-6cd84000 rw-p 00000000 00:00 0 
6cd84000-6cdbc000 rw-p 00000000 00:00 0 
6cdbc000-6cdd1000 rw-p 00000000 00:00 0 
6cdd1000-6cf08000 rw-p 00000000 00:00 0 
6cf08000-6cf14000 rw-p 00000000 00:00 0 
6cf14000-6cfaf000 rw-p 00000000 00:00 0 
6cfaf000-6dfb0000 rw-p 00000000 00:00 0 
6dfb0000-74fb0000 rw-p 00000000 00:00 0 
74fb0000-77950000 rw-p 00000000 00:00 0 
77950000-9e910000 rw-p 00000000 00:00 0 
9e910000-9fdd0000 rw-p 00000000 00:00 0 
9fdd0000-b35b0000 rw-p 00000000 00:00 0 
b35bb000-b35c4000 rw-p 00000000 00:00 0 
b35c4000-b367b000 rw-p 00000000 00:00 0 
b367b000-b38bb000 rwxp 00000000 00:00 0 
b38bb000-b667b000 rw-p 00000000 00:00 0 
b667b000-b6686000 r-xp 00000000 08:03 971471     /lib/i386-linux-gnu/libnss_files-2.13.so
b6686000-b6687000 r--p 0000a000 08:03 971471     /lib/i386-linux-gnu/libnss_files-2.13.so
b6687000-b6688000 rw-p 0000b000 08:03 971471     /lib/i386-linux-gnu/libnss_files-2.13.so
b6688000-b669d000 r-xp 00000000 08:03 935161     /lib/i386-linux-gnu/libnsl-2.13.so
b669d000-b669e000 r--p 00015000 08:03 935161     /lib/i386-linux-gnu/libnsl-2.13.so
b669e000-b669f000 rw-p 00016000 08:03 935161     /lib/i386-linux-gnu/libnsl-2.13.so
b669f000-b66a1000 rw-p 00000000 00:00 0 
b66a1000-b66a9000 r-xp 00000000 08:03 935162     /lib/i386-linux-gnu/libnss_compat-2.13.so
b66a9000-b66aa000 r--p 00007000 08:03 935162     /lib/i386-linux-gnu/libnss_compat-2.13.so
b66aa000-b66ab000 rw-p 00008000 08:03 935162     /lib/i386-linux-gnu/libnss_compat-2.13.so
b66c6000-b66cd000 r-xp 00000000 08:03 1311487    /usr/lib/jvm/java-6-openjdk/jre/lib/i386/libzip.so
b66cd000-b66ce000 r--p 00006000 08:03 1311487    /usr/lib/jvm/java-6-openjdk/jre/lib/i386/libzip.so
b66ce000-b66cf000 rw-p 00007000 08:03 1311487    /usr/lib/jvm/java-6-openjdk/jre/lib/i386/libzip.so
b66cf000-b66f5000 r-xp 00000000 08:03 1311302    /usr/lib/jvm/java-6-openjdk/jre/lib/i386/libjava.so
b66f5000-b66f6000 r--p 00025000 08:03 1311302    /usr/lib/jvm/java-6-openjdk/jre/lib/i386/libjava.so
b66f6000-b66f8000 rw-p 00026000 08:03 1311302    /usr/lib/jvm/java-6-openjdk/jre/lib/i386/libjava.so
b66f8000-b66ff000 r-xp 00000000 08:03 971478     /lib/i386-linux-gnu/librt-2.13.so
b66ff000-b6700000 r--p 00006000 08:03 971478     /lib/i386-linux-gnu/librt-2.13.so
b6700000-b6701000 rw-p 00007000 08:03 971478     /lib/i386-linux-gnu/librt-2.13.so
b6701000-b6704000 ---p 00000000 00:00 0 
b6704000-b6752000 rw-p 00000000 00:00 0 
b6752000-b676e000 r-xp 00000000 08:03 932163     /lib/i386-linux-gnu/libgcc_s.so.1
b676e000-b676f000 r--p 0001b000 08:03 932163     /lib/i386-linux-gnu/libgcc_s.so.1
b676f000-b6770000 rw-p 0001c000 08:03 932163     /lib/i386-linux-gnu/libgcc_s.so.1
b6770000-b6798000 r-xp 00000000 08:03 935159     /lib/i386-linux-gnu/libm-2.13.so
b6798000-b6799000 r--p 00028000 08:03 935159     /lib/i386-linux-gnu/libm-2.13.so
b6799000-b679a000 rw-p 00029000 08:03 935159     /lib/i386-linux-gnu/libm-2.13.so
b679a000-b6878000 r-xp 00000000 08:03 1832670    /usr/lib/i386-linux-gnu/libstdc++.so.6.0.16
b6878000-b6879000 ---p 000de000 08:03 1832670    /usr/lib/i386-linux-gnu/libstdc++.so.6.0.16
b6879000-b687d000 r--p 000de000 08:03 1832670    /usr/lib/i386-linux-gnu/libstdc++.so.6.0.16
b687d000-b687e000 rw-p 000e2000 08:03 1832670    /usr/lib/i386-linux-gnu/libstdc++.so.6.0.16
b687e000-b6885000 rw-p 00000000 00:00 0 
b6885000-b70a3000 r-xp 00000000 08:03 1311489    /usr/lib/jvm/java-6-openjdk/jre/lib/i386/server/libjvm.so
b70a3000-b70e8000 r--p 0081e000 08:03 1311489    /usr/lib/jvm/java-6-openjdk/jre/lib/i386/server/libjvm.so
b70e8000-b70f7000 rw-p 00863000 08:03 1311489    /usr/lib/jvm/java-6-openjdk/jre/lib/i386/server/libjvm.so
b70f7000-b7513000 rw-p 00000000 00:00 0 
b7513000-b7526000 r-xp 00000000 08:03 916628     /lib/i386-linux-gnu/libz.so.1.2.3.4
b7526000-b7527000 r--p 00012000 08:03 916628     /lib/i386-linux-gnu/libz.so.1.2.3.4
b7527000-b7528000 rw-p 00013000 08:03 916628     /lib/i386-linux-gnu/libz.so.1.2.3.4
b7528000-b76a0000 r-xp 00000000 08:03 935155     /lib/i386-linux-gnu/libc-2.13.so
b76a0000-b76a2000 r--p 00178000 08:03 935155     /lib/i386-linux-gnu/libc-2.13.so
b76a2000-b76a3000 rw-p 0017a000 08:03 935155     /lib/i386-linux-gnu/libc-2.13.so
b76a3000-b76a6000 rw-p 00000000 00:00 0 
b76a6000-b76a9000 r-xp 00000000 08:03 935158     /lib/i386-linux-gnu/libdl-2.13.so
b76a9000-b76aa000 r--p 00002000 08:03 935158     /lib/i386-linux-gnu/libdl-2.13.so
b76aa000-b76ab000 rw-p 00003000 08:03 935158     /lib/i386-linux-gnu/libdl-2.13.so
b76ab000-b76af000 r-xp 00000000 08:03 1311290    /usr/lib/jvm/java-6-openjdk/jre/lib/i386/jli/libjli.so
b76af000-b76b0000 r--p 00003000 08:03 1311290    /usr/lib/jvm/java-6-openjdk/jre/lib/i386/jli/libjli.so
b76b0000-b76b1000 rw-p 00004000 08:03 1311290    /usr/lib/jvm/java-6-openjdk/jre/lib/i386/jli/libjli.so
b76b1000-b76b2000 rw-p 00000000 00:00 0 
b76b2000-b76c9000 r-xp 00000000 08:03 971476     /lib/i386-linux-gnu/libpthread-2.13.so
b76c9000-b76ca000 r--p 00016000 08:03 971476     /lib/i386-linux-gnu/libpthread-2.13.so
b76ca000-b76cb000 rw-p 00017000 08:03 971476     /lib/i386-linux-gnu/libpthread-2.13.so
b76cb000-b76cd000 rw-p 00000000 00:00 0 
b76cd000-b76d5000 rw-s 00000000 08:03 1573883    /tmp/hsperfdata_ganesh/29678
b76d5000-b76df000 r-xp 00000000 08:03 971473     /lib/i386-linux-gnu/libnss_nis-2.13.so
b76df000-b76e0000 r--p 00009000 08:03 971473     /lib/i386-linux-gnu/libnss_nis-2.13.so
b76e0000-b76e1000 rw-p 0000a000 08:03 971473     /lib/i386-linux-gnu/libnss_nis-2.13.so
b76e1000-b76e2000 rw-p 00000000 00:00 0 
b76e2000-b76e3000 r--p 00000000 00:00 0 
b76e3000-b76ee000 r-xp 00000000 08:03 1311486    /usr/lib/jvm/java-6-openjdk/jre/lib/i386/libverify.so
b76ee000-b76ef000 ---p 0000b000 08:03 1311486    /usr/lib/jvm/java-6-openjdk/jre/lib/i386/libverify.so
b76ef000-b76f0000 r--p 0000b000 08:03 1311486    /usr/lib/jvm/java-6-openjdk/jre/lib/i386/libverify.so
b76f0000-b76f1000 rw-p 0000c000 08:03 1311486    /usr/lib/jvm/java-6-openjdk/jre/lib/i386/libverify.so
b76f1000-b76f3000 rw-p 00000000 00:00 0 
b76f3000-b76f4000 r-xp 00000000 00:00 0          [vdso]
b76f4000-b7712000 r-xp 00000000 08:03 935152     /lib/i386-linux-gnu/ld-2.13.so
b7712000-b7713000 r--p 0001d000 08:03 935152     /lib/i386-linux-gnu/ld-2.13.so
b7713000-b7714000 rw-p 0001e000 08:03 935152     /lib/i386-linux-gnu/ld-2.13.so
bfec6000-bfee8000 rw-p 00000000 00:00 0          [stack]

VM Arguments:
jvm_args: -Dfile.encoding=UTF-8 -Xbootclasspath:/home/ganesh/Documents/android-sdk-linux/platforms/android-10/android.jar 
java_command: com.nesh.apps.RSSReader
Launcher Type: SUN_STANDARD

Environment Variables:
JAVA_HOME=/usr/lib/jvm/java-6-sun
PATH=/home/ganesh/.rvm/gems/ruby-1.9.3-p125/bin:/home/ganesh/.rvm/gems/ruby-1.9.3-p125@global/bin:/home/ganesh/.rvm/rubies/ruby-1.9.3-p125/bin:/home/ganesh/.rvm/bin:/usr/lib/lightdm/lightdm:/usr/local/sbin:/usr/local/bin:/usr/sbin:/usr/bin:/sbin:/bin:/usr/games
USERNAME=ganesh
LD_LIBRARY_PATH=/usr/lib/jvm/java-6-openjdk/jre/lib/i386/server:/usr/lib/jvm/java-6-openjdk/jre/lib/i386:/usr/lib/jvm/java-6-openjdk/jre/../lib/i386:/usr/lib/jvm/java-6-openjdk/jre/lib/i386/client:/usr/lib/jvm/java-6-openjdk/jre/lib/i386:
SHELL=/bin/bash
DISPLAY=:0

Signal Handlers:
SIGSEGV: [libjvm.so+0x66a530], sa_mask[0]=0x7ffbfeff, sa_flags=0x10000004
SIGBUS: [libjvm.so+0x66a530], sa_mask[0]=0x7ffbfeff, sa_flags=0x10000004
SIGFPE: [libjvm.so+0x52e2c0], sa_mask[0]=0x7ffbfeff, sa_flags=0x10000004
SIGPIPE: [libjvm.so+0x52e2c0], sa_mask[0]=0x7ffbfeff, sa_flags=0x10000004
SIGXFSZ: [libjvm.so+0x52e2c0], sa_mask[0]=0x7ffbfeff, sa_flags=0x10000004
SIGILL: [libjvm.so+0x52e2c0], sa_mask[0]=0x7ffbfeff, sa_flags=0x10000004
SIGUSR1: SIG_DFL, sa_mask[0]=0x00000000, sa_flags=0x00000000
SIGUSR2: [libjvm.so+0x52e150], sa_mask[0]=0x00000004, sa_flags=0x10000004
SIGHUP: SIG_DFL, sa_mask[0]=0x00000000, sa_flags=0x00000000
SIGINT: SIG_DFL, sa_mask[0]=0x00000000, sa_flags=0x00000000
SIGTERM: SIG_DFL, sa_mask[0]=0x00000000, sa_flags=0x00000000
SIGQUIT: SIG_DFL, sa_mask[0]=0x00000000, sa_flags=0x00000000


---------------  S Y S T E M  ---------------

OS:Ubuntu 11.10 (oneiric)
uname:Linux 3.0.0-15-generic-pae #26-Ubuntu SMP Fri Jan 20 17:07:31 UTC 2012 i686
libc:glibc 2.13 NPTL 2.13 
rlimit: STACK 8192k, CORE 0k, NPROC 31769, NOFILE 4096, AS infinity
load average:0.56 0.51 0.75

/proc/meminfo:
MemTotal:        4086676 kB
MemFree:          233756 kB
Buffers:           81528 kB
Cached:           274884 kB
SwapCached:        18116 kB
Active:          2468896 kB
Inactive:         738140 kB
Active(anon):    2301204 kB
Inactive(anon):   562920 kB
Active(file):     167692 kB
Inactive(file):   175220 kB
Unevictable:        2792 kB
Mlocked:            2792 kB
HighTotal:       3245320 kB
HighFree:          48228 kB
LowTotal:         841356 kB
LowFree:          185528 kB
SwapTotal:       3993028 kB
SwapFree:        3665524 kB
Dirty:               480 kB
Writeback:             0 kB
AnonPages:       2837980 kB
Mapped:           178240 kB
Shmem:             11680 kB
Slab:             252076 kB
SReclaimable:     225640 kB
SUnreclaim:        26436 kB
KernelStack:        7768 kB
PageTables:        22260 kB
NFS_Unstable:          0 kB
Bounce:                0 kB
WritebackTmp:          0 kB
CommitLimit:     6036364 kB
Committed_AS:    7333924 kB
VmallocTotal:     122880 kB
VmallocUsed:       45288 kB
VmallocChunk:      74072 kB
HardwareCorrupted:     0 kB
AnonHugePages:         0 kB
HugePages_Total:       0
HugePages_Free:        0
HugePages_Rsvd:        0
HugePages_Surp:        0
Hugepagesize:       2048 kB
DirectMap4k:       10232 kB
DirectMap2M:      903168 kB


CPU:total 2 (2 cores per cpu, 1 threads per core) family 6 model 23 stepping 10, cmov, cx8, fxsr, mmx, sse, sse2, sse3, ssse3, sse4.1

Memory: 4k page, physical 4086676k(233756k free), swap 3993028k(3665524k free)

vm_info: OpenJDK Server VM (20.0-b11) for linux-x86 JRE (1.6.0_23-b23), built on Feb 23 2012 06:26:43 by "buildd" with gcc 4.6.1

time: Tue Apr 10 23:11:05 2012
elapsed time: 0 seconds

