#
# A fatal error has been detected by the Java Runtime Environment:
#
#  Internal Error (classFileParser.cpp:3494), pid=29507, tid=3061185392
#  Error: ShouldNotReachHere()
#
# JRE version: 6.0_23-b23
# Java VM: OpenJDK Server VM (20.0-b11 mixed mode linux-x86 )
# Derivative: IcedTea6 1.11pre
# Distribution: Ubuntu 11.10, package 6b23~pre11-0ubuntu1.11.10.2
# If you would like to submit a bug report, please include
# instructions how to reproduce the bug and visit:
#   https://bugs.launchpad.net/ubuntu/+source/openjdk-6/
#

---------------  T H R E A D  ---------------

Current thread (0x0a00f000):  JavaThread "Unknown thread" [_thread_in_vm, id=29509, stack(0xb670f000,0xb6760000)]

Stack: [0xb670f000,0xb6760000]
[error occurred during error reporting (printing stack bounds), id 0xb]


[error occurred during error reporting (printing native stack), id 0xb]


---------------  P R O C E S S  ---------------

Java Threads: ( => current thread )

Other Threads:

=>0x0a00f000 (exited) JavaThread "Unknown thread" [_thread_in_vm, id=29509, stack(0xb670f000,0xb6760000)]

VM state:not at safepoint (not fully initialized)

VM Mutex/Monitor currently owned by a thread: None

Dynamic libraries:
08048000-08051000 r-xp 00000000 08:03 1311511    /usr/lib/jvm/java-6-openjdk/jre/bin/java
08051000-08052000 r--p 00008000 08:03 1311511    /usr/lib/jvm/java-6-openjdk/jre/bin/java
08052000-08053000 rw-p 00009000 08:03 1311511    /usr/lib/jvm/java-6-openjdk/jre/bin/java
0a008000-0a06f000 rw-p 00000000 00:00 0          [heap]
6ca87000-6cafd000 r--s 00902000 08:03 299837     /home/ganesh/Documents/android-sdk-linux/platforms/android-10/android.jar
6cafd000-6cafe000 ---p 00000000 00:00 0 
6cafe000-6cb7e000 rw-p 00000000 00:00 0 
6cb7e000-6cb7f000 ---p 00000000 00:00 0 
6cb7f000-6cc07000 rw-p 00000000 00:00 0 
6cc07000-6cc3f000 rw-p 00000000 00:00 0 
6cc3f000-6cc54000 rw-p 00000000 00:00 0 
6cc54000-6cd8c000 rw-p 00000000 00:00 0 
6cd8c000-6cd94000 rw-p 00000000 00:00 0 
6cd94000-6cdcc000 rw-p 00000000 00:00 0 
6cdcc000-6cde1000 rw-p 00000000 00:00 0 
6cde1000-6cf18000 rw-p 00000000 00:00 0 
6cf18000-6cf24000 rw-p 00000000 00:00 0 
6cf24000-6cfbf000 rw-p 00000000 00:00 0 
6cfbf000-6dfc0000 rw-p 00000000 00:00 0 
6dfc0000-74fc0000 rw-p 00000000 00:00 0 
74fc0000-77960000 rw-p 00000000 00:00 0 
77960000-9e920000 rw-p 00000000 00:00 0 
9e920000-9fde0000 rw-p 00000000 00:00 0 
9fde0000-b35c0000 rw-p 00000000 00:00 0 
b35c9000-b35d2000 rw-p 00000000 00:00 0 
b35d2000-b3689000 rw-p 00000000 00:00 0 
b3689000-b38c9000 rwxp 00000000 00:00 0 
b38c9000-b6689000 rw-p 00000000 00:00 0 
b6689000-b6694000 r-xp 00000000 08:03 971471     /lib/i386-linux-gnu/libnss_files-2.13.so
b6694000-b6695000 r--p 0000a000 08:03 971471     /lib/i386-linux-gnu/libnss_files-2.13.so
b6695000-b6696000 rw-p 0000b000 08:03 971471     /lib/i386-linux-gnu/libnss_files-2.13.so
b6696000-b66ab000 r-xp 00000000 08:03 935161     /lib/i386-linux-gnu/libnsl-2.13.so
b66ab000-b66ac000 r--p 00015000 08:03 935161     /lib/i386-linux-gnu/libnsl-2.13.so
b66ac000-b66ad000 rw-p 00016000 08:03 935161     /lib/i386-linux-gnu/libnsl-2.13.so
b66ad000-b66af000 rw-p 00000000 00:00 0 
b66af000-b66b7000 r-xp 00000000 08:03 935162     /lib/i386-linux-gnu/libnss_compat-2.13.so
b66b7000-b66b8000 r--p 00007000 08:03 935162     /lib/i386-linux-gnu/libnss_compat-2.13.so
b66b8000-b66b9000 rw-p 00008000 08:03 935162     /lib/i386-linux-gnu/libnss_compat-2.13.so
b66d4000-b66db000 r-xp 00000000 08:03 1311487    /usr/lib/jvm/java-6-openjdk/jre/lib/i386/libzip.so
b66db000-b66dc000 r--p 00006000 08:03 1311487    /usr/lib/jvm/java-6-openjdk/jre/lib/i386/libzip.so
b66dc000-b66dd000 rw-p 00007000 08:03 1311487    /usr/lib/jvm/java-6-openjdk/jre/lib/i386/libzip.so
b66dd000-b6703000 r-xp 00000000 08:03 1311302    /usr/lib/jvm/java-6-openjdk/jre/lib/i386/libjava.so
b6703000-b6704000 r--p 00025000 08:03 1311302    /usr/lib/jvm/java-6-openjdk/jre/lib/i386/libjava.so
b6704000-b6706000 rw-p 00026000 08:03 1311302    /usr/lib/jvm/java-6-openjdk/jre/lib/i386/libjava.so
b6706000-b670d000 r-xp 00000000 08:03 971478     /lib/i386-linux-gnu/librt-2.13.so
b670d000-b670e000 r--p 00006000 08:03 971478     /lib/i386-linux-gnu/librt-2.13.so
b670e000-b670f000 rw-p 00007000 08:03 971478     /lib/i386-linux-gnu/librt-2.13.so
b670f000-b6712000 ---p 00000000 00:00 0 
b6712000-b6760000 rw-p 00000000 00:00 0 
b6760000-b677c000 r-xp 00000000 08:03 932163     /lib/i386-linux-gnu/libgcc_s.so.1
b677c000-b677d000 r--p 0001b000 08:03 932163     /lib/i386-linux-gnu/libgcc_s.so.1
b677d000-b677e000 rw-p 0001c000 08:03 932163     /lib/i386-linux-gnu/libgcc_s.so.1
b677e000-b67a6000 r-xp 00000000 08:03 935159     /lib/i386-linux-gnu/libm-2.13.so
b67a6000-b67a7000 r--p 00028000 08:03 935159     /lib/i386-linux-gnu/libm-2.13.so
b67a7000-b67a8000 rw-p 00029000 08:03 935159     /lib/i386-linux-gnu/libm-2.13.so
b67a8000-b6886000 r-xp 00000000 08:03 1832670    /usr/lib/i386-linux-gnu/libstdc++.so.6.0.16
b6886000-b6887000 ---p 000de000 08:03 1832670    /usr/lib/i386-linux-gnu/libstdc++.so.6.0.16
b6887000-b688b000 r--p 000de000 08:03 1832670    /usr/lib/i386-linux-gnu/libstdc++.so.6.0.16
b688b000-b688c000 rw-p 000e2000 08:03 1832670    /usr/lib/i386-linux-gnu/libstdc++.so.6.0.16
b688c000-b6893000 rw-p 00000000 00:00 0 
b6893000-b70b1000 r-xp 00000000 08:03 1311489    /usr/lib/jvm/java-6-openjdk/jre/lib/i386/server/libjvm.so
b70b1000-b70f6000 r--p 0081e000 08:03 1311489    /usr/lib/jvm/java-6-openjdk/jre/lib/i386/server/libjvm.so
b70f6000-b7105000 rw-p 00863000 08:03 1311489    /usr/lib/jvm/java-6-openjdk/jre/lib/i386/server/libjvm.so
b7105000-b7521000 rw-p 00000000 00:00 0 
b7521000-b7534000 r-xp 00000000 08:03 916628     /lib/i386-linux-gnu/libz.so.1.2.3.4
b7534000-b7535000 r--p 00012000 08:03 916628     /lib/i386-linux-gnu/libz.so.1.2.3.4
b7535000-b7536000 rw-p 00013000 08:03 916628     /lib/i386-linux-gnu/libz.so.1.2.3.4
b7536000-b76ae000 r-xp 00000000 08:03 935155     /lib/i386-linux-gnu/libc-2.13.so
b76ae000-b76b0000 r--p 00178000 08:03 935155     /lib/i386-linux-gnu/libc-2.13.so
b76b0000-b76b1000 rw-p 0017a000 08:03 935155     /lib/i386-linux-gnu/libc-2.13.so
b76b1000-b76b4000 rw-p 00000000 00:00 0 
b76b4000-b76b7000 r-xp 00000000 08:03 935158     /lib/i386-linux-gnu/libdl-2.13.so
b76b7000-b76b8000 r--p 00002000 08:03 935158     /lib/i386-linux-gnu/libdl-2.13.so
b76b8000-b76b9000 rw-p 00003000 08:03 935158     /lib/i386-linux-gnu/libdl-2.13.so
b76b9000-b76bd000 r-xp 00000000 08:03 1311290    /usr/lib/jvm/java-6-openjdk/jre/lib/i386/jli/libjli.so
b76bd000-b76be000 r--p 00003000 08:03 1311290    /usr/lib/jvm/java-6-openjdk/jre/lib/i386/jli/libjli.so
b76be000-b76bf000 rw-p 00004000 08:03 1311290    /usr/lib/jvm/java-6-openjdk/jre/lib/i386/jli/libjli.so
b76bf000-b76c0000 rw-p 00000000 00:00 0 
b76c0000-b76d7000 r-xp 00000000 08:03 971476     /lib/i386-linux-gnu/libpthread-2.13.so
b76d7000-b76d8000 r--p 00016000 08:03 971476     /lib/i386-linux-gnu/libpthread-2.13.so
b76d8000-b76d9000 rw-p 00017000 08:03 971476     /lib/i386-linux-gnu/libpthread-2.13.so
b76d9000-b76db000 rw-p 00000000 00:00 0 
b76db000-b76e3000 rw-s 00000000 08:03 1573883    /tmp/hsperfdata_ganesh/29507
b76e3000-b76ed000 r-xp 00000000 08:03 971473     /lib/i386-linux-gnu/libnss_nis-2.13.so
b76ed000-b76ee000 r--p 00009000 08:03 971473     /lib/i386-linux-gnu/libnss_nis-2.13.so
b76ee000-b76ef000 rw-p 0000a000 08:03 971473     /lib/i386-linux-gnu/libnss_nis-2.13.so
b76ef000-b76f0000 rw-p 00000000 00:00 0 
b76f0000-b76f1000 r--p 00000000 00:00 0 
b76f1000-b76fc000 r-xp 00000000 08:03 1311486    /usr/lib/jvm/java-6-openjdk/jre/lib/i386/libverify.so
b76fc000-b76fd000 ---p 0000b000 08:03 1311486    /usr/lib/jvm/java-6-openjdk/jre/lib/i386/libverify.so
b76fd000-b76fe000 r--p 0000b000 08:03 1311486    /usr/lib/jvm/java-6-openjdk/jre/lib/i386/libverify.so
b76fe000-b76ff000 rw-p 0000c000 08:03 1311486    /usr/lib/jvm/java-6-openjdk/jre/lib/i386/libverify.so
b76ff000-b7701000 rw-p 00000000 00:00 0 
b7701000-b7702000 r-xp 00000000 00:00 0          [vdso]
b7702000-b7720000 r-xp 00000000 08:03 935152     /lib/i386-linux-gnu/ld-2.13.so
b7720000-b7721000 r--p 0001d000 08:03 935152     /lib/i386-linux-gnu/ld-2.13.so
b7721000-b7722000 rw-p 0001e000 08:03 935152     /lib/i386-linux-gnu/ld-2.13.so
bff93000-bffb5000 rw-p 00000000 00:00 0          [stack]

VM Arguments:
jvm_args: -Dfile.encoding=UTF-8 -Xbootclasspath:/home/ganesh/Documents/android-sdk-linux/platforms/android-10/android.jar 
java_command: com.nesh.apps.RSSReader
Launcher Type: SUN_STANDARD

Environment Variables:
JAVA_HOME=/usr/lib/jvm/java-6-sun
PATH=/home/ganesh/.rvm/gems/ruby-1.9.3-p125/bin:/home/ganesh/.rvm/gems/ruby-1.9.3-p125@global/bin:/home/ganesh/.rvm/rubies/ruby-1.9.3-p125/bin:/home/ganesh/.rvm/bin:/usr/lib/lightdm/lightdm:/usr/local/sbin:/usr/local/bin:/usr/sbin:/usr/bin:/sbin:/bin:/usr/games
USERNAME=ganesh
LD_LIBRARY_PATH=/usr/lib/jvm/java-6-openjdk/jre/lib/i386/server:/usr/lib/jvm/java-6-openjdk/jre/lib/i386:/usr/lib/jvm/java-6-openjdk/jre/../lib/i386:/usr/lib/jvm/java-6-openjdk/jre/lib/i386/client:/usr/lib/jvm/java-6-openjdk/jre/lib/i386:
SHELL=/bin/bash
DISPLAY=:0

Signal Handlers:
SIGSEGV: [libjvm.so+0x66a530], sa_mask[0]=0x7ffbfeff, sa_flags=0x10000004
SIGBUS: [libjvm.so+0x66a530], sa_mask[0]=0x7ffbfeff, sa_flags=0x10000004
SIGFPE: [libjvm.so+0x52e2c0], sa_mask[0]=0x7ffbfeff, sa_flags=0x10000004
SIGPIPE: [libjvm.so+0x52e2c0], sa_mask[0]=0x7ffbfeff, sa_flags=0x10000004
SIGXFSZ: [libjvm.so+0x52e2c0], sa_mask[0]=0x7ffbfeff, sa_flags=0x10000004
SIGILL: [libjvm.so+0x52e2c0], sa_mask[0]=0x7ffbfeff, sa_flags=0x10000004
SIGUSR1: SIG_DFL, sa_mask[0]=0x00000000, sa_flags=0x00000000
SIGUSR2: [libjvm.so+0x52e150], sa_mask[0]=0x00000004, sa_flags=0x10000004
SIGHUP: SIG_DFL, sa_mask[0]=0x00000000, sa_flags=0x00000000
SIGINT: SIG_DFL, sa_mask[0]=0x00000000, sa_flags=0x00000000
SIGTERM: SIG_DFL, sa_mask[0]=0x00000000, sa_flags=0x00000000
SIGQUIT: SIG_DFL, sa_mask[0]=0x00000000, sa_flags=0x00000000


---------------  S Y S T E M  ---------------

OS:Ubuntu 11.10 (oneiric)
uname:Linux 3.0.0-15-generic-pae #26-Ubuntu SMP Fri Jan 20 17:07:31 UTC 2012 i686
libc:glibc 2.13 NPTL 2.13 
rlimit: STACK 8192k, CORE 0k, NPROC 31769, NOFILE 4096, AS infinity
load average:0.97 0.56 0.77

/proc/meminfo:
MemTotal:        4086676 kB
MemFree:          250008 kB
Buffers:           80564 kB
Cached:           266836 kB
SwapCached:        18116 kB
Active:          2459552 kB
Inactive:         730748 kB
Active(anon):    2293508 kB
Inactive(anon):   563012 kB
Active(file):     166044 kB
Inactive(file):   167736 kB
Unevictable:        2792 kB
Mlocked:            2792 kB
HighTotal:       3245320 kB
HighFree:          63976 kB
LowTotal:         841356 kB
LowFree:          186032 kB
SwapTotal:       3993028 kB
SwapFree:        3665524 kB
Dirty:              2884 kB
Writeback:             0 kB
AnonPages:       2830476 kB
Mapped:           178088 kB
Shmem:             11680 kB
Slab:             252156 kB
SReclaimable:     225704 kB
SUnreclaim:        26452 kB
KernelStack:        7800 kB
PageTables:        22256 kB
NFS_Unstable:          0 kB
Bounce:                0 kB
WritebackTmp:          0 kB
CommitLimit:     6036364 kB
Committed_AS:    7332536 kB
VmallocTotal:     122880 kB
VmallocUsed:       45288 kB
VmallocChunk:      74072 kB
HardwareCorrupted:     0 kB
AnonHugePages:         0 kB
HugePages_Total:       0
HugePages_Free:        0
HugePages_Rsvd:        0
HugePages_Surp:        0
Hugepagesize:       2048 kB
DirectMap4k:       10232 kB
DirectMap2M:      903168 kB


CPU:total 2 (2 cores per cpu, 1 threads per core) family 6 model 23 stepping 10, cmov, cx8, fxsr, mmx, sse, sse2, sse3, ssse3, sse4.1

Memory: 4k page, physical 4086676k(250008k free), swap 3993028k(3665524k free)

vm_info: OpenJDK Server VM (20.0-b11) for linux-x86 JRE (1.6.0_23-b23), built on Feb 23 2012 06:26:43 by "buildd" with gcc 4.6.1

time: Tue Apr 10 23:10:18 2012
elapsed time: 0 seconds

